<?xml version="1.0" encoding="UTF-8"?>
<!-- Generated by org.testng.reporters.JUnitReportReporter -->
<testsuite skipped="0" hostname="LAPTOP-ORI8JR52" name="demo.guru99.com.runner.RunCukes" tests="1" failures="0" timestamp="2021-01-15T21:47:41 IST" time="63.694" errors="0">
  <testcase name="parallelRun" time="63.694" classname="demo.guru99.com.runner.RunCukes"/>
  <system-out/>
</testsuite> <!-- demo.guru99.com.runner.RunCukes -->
