<?xml version="1.0" encoding="UTF-8"?>
<!-- Generated by org.testng.reporters.JUnitReportReporter -->
<testsuite skipped="0" hostname="LAPTOP-ORI8JR52" name="demo.guru99.com.runner.TestNgRunner" tests="2" failures="0" timestamp="2021-01-15T20:03:09 IST" time="21.999" errors="0">
  <testcase name="runScenario" time="11.684" classname="demo.guru99.com.runner.TestNgRunner"/>
  <system-out/>
  <testcase name="runScenario" time="10.315" classname="demo.guru99.com.runner.TestNgRunner"/>
  <system-out/>
</testsuite> <!-- demo.guru99.com.runner.TestNgRunner -->
